1 (0.0 seconds): [1]
2 (0.0 seconds): None
3 (0.0 seconds): None
4 (0.0 seconds): None
5 (0.0 seconds): None
6 (0.0 seconds): None
7 (0.0 seconds): None
8 (0.0 seconds): None
9 (0.0 seconds): None
10 (0.0 seconds): None
11 (0.0 seconds): None
12 (0.0 seconds): None
13 (0.0 seconds): None
14 (0.0 seconds): None
15 (0.0 seconds): [8, 1, 15, 10, 6, 3, 13, 12, 4, 5, 11, 14, 2, 7, 9]
16 (0.0 seconds): [8, 1, 15, 10, 6, 3, 13, 12, 4, 5, 11, 14, 2, 7, 9, 16]
17 (0.0 seconds): [16, 9, 7, 2, 14, 11, 5, 4, 12, 13, 3, 6, 10, 15, 1, 8, 17]
18 (0.0 seconds): None
19 (0.0 seconds): None
20 (0.001993 seconds): None
21 (0.004986 seconds): None
22 (0.009973 seconds): None
23 (0.002027 seconds): [2, 23, 13, 12, 4, 21, 15, 10, 6, 19, 17, 8, 1, 3, 22, 14, 11, 5, 20, 16, 9, 7, 18]
24 (0.034938 seconds): None
25 (0.004954 seconds): [2, 23, 13, 12, 24, 25, 11, 14, 22, 3, 1, 8, 17, 19, 6, 10, 15, 21, 4, 5, 20, 16, 9, 7, 18]
26 (0.005984 seconds): [2, 14, 22, 3, 13, 23, 26, 10, 6, 19, 17, 8, 1, 15, 21, 4, 12, 24, 25, 11, 5, 20, 16, 9, 7, 18]
27 (0.003991 seconds): [1, 8, 17, 19, 6, 3, 13, 12, 24, 25, 11, 14, 22, 27, 9, 16, 20, 5, 4, 21, 15, 10, 26, 23, 2, 7, 18]
28 (0.008025 seconds): [1, 15, 10, 26, 23, 13, 3, 6, 19, 17, 8, 28, 21, 4, 12, 24, 25, 11, 5, 20, 16, 9, 27, 22, 14, 2, 7, 18]
29 (0.023903 seconds): [1, 24, 25, 11, 5, 4, 12, 13, 3, 6, 19, 17, 8, 28, 21, 15, 10, 26, 23, 2, 14, 22, 27, 9, 16, 20, 29, 7, 18]
30 (0.035922 seconds): [1, 24, 25, 11, 5, 4, 12, 13, 3, 6, 30, 19, 17, 8, 28, 21, 15, 10, 26, 23, 2, 14, 22, 27, 9, 16, 20, 29, 7, 18]
31 (0.040857 seconds): [1, 15, 10, 6, 30, 19, 17, 8, 28, 21, 4, 5, 31, 18, 7, 29, 20, 16, 9, 27, 22, 3, 13, 12, 24, 25, 11, 14, 2, 23, 26]
32 (0.048903 seconds): [1, 8, 28, 21, 4, 32, 17, 19, 30, 6, 3, 13, 12, 24, 25, 11, 5, 31, 18, 7, 29, 20, 16, 9, 27, 22, 14, 2, 23, 26, 10, 15]
33 (0.130667 seconds): [1, 8, 28, 21, 4, 32, 17, 19, 30, 6, 3, 13, 12, 24, 25, 11, 5, 20, 29, 7, 18, 31, 33, 16, 9, 27, 22, 14, 2, 23, 26, 10, 15]
34 (0.025881 seconds): [1, 3, 6, 19, 30, 34, 2, 7, 18, 31, 33, 16, 9, 27, 22, 14, 11, 25, 24, 12, 13, 23, 26, 10, 15, 21, 28, 8, 17, 32, 4, 5, 20, 29]
35 (0.046928 seconds): [1, 3, 6, 19, 30, 34, 2, 7, 18, 31, 33, 16, 9, 27, 22, 14, 11, 25, 24, 12, 13, 23, 26, 10, 15, 21, 28, 8, 17, 32, 4, 5, 20, 29, 35]
36 (0.03688 seconds): [1, 3, 6, 10, 26, 23, 2, 7, 18, 31, 33, 16, 9, 27, 22, 14, 35, 29, 20, 5, 11, 25, 24, 12, 13, 36, 28, 8, 17, 19, 30, 34, 15, 21, 4, 32]
37 (0.639258 seconds): [1, 3, 13, 36, 28, 8, 17, 32, 4, 21, 15, 34, 30, 19, 6, 10, 26, 23, 2, 7, 18, 31, 33, 16, 9, 27, 22, 14, 35, 29, 20, 5, 11, 25, 24, 12, 37]
38 (0.416937 seconds): [1, 3, 6, 19, 30, 34, 2, 23, 13, 36, 28, 8, 17, 32, 4, 21, 15, 10, 26, 38, 11, 25, 24, 12, 37, 27, 22, 14, 35, 29, 20, 5, 31, 18, 7, 9, 16, 33]
39 (0.586412 seconds): [1, 3, 6, 19, 30, 34, 2, 7, 18, 31, 33, 16, 9, 27, 22, 14, 35, 29, 20, 5, 11, 38, 26, 23, 13, 36, 28, 8, 17, 32, 4, 21, 15, 10, 39, 25, 24, 12, 37]
40 (0.649263 seconds): [1, 3, 6, 10, 39, 25, 24, 40, 9, 16, 33, 31, 18, 7, 2, 23, 26, 38, 11, 5, 20, 29, 35, 14, 22, 27, 37, 12, 13, 36, 28, 8, 17, 19, 30, 34, 15, 21, 4, 32]
41 (0.161582 seconds): [1, 3, 6, 10, 15, 21, 4, 32, 17, 19, 30, 34, 2, 7, 18, 31, 33, 16, 9, 40, 41, 8, 28, 36, 13, 23, 26, 38, 11, 5, 20, 29, 35, 14, 22, 27, 37, 12, 24, 25, 39]
42 (0.056842 seconds): [1, 3, 6, 10, 15, 21, 4, 5, 11, 38, 26, 23, 13, 36, 28, 8, 41, 40, 9, 27, 37, 12, 24, 25, 39, 42, 22, 14, 35, 29, 20, 16, 33, 31, 18, 7, 2, 34, 30, 19, 17, 32]
43 (1.555828 seconds): [1, 3, 6, 10, 15, 21, 43, 38, 11, 5, 4, 32, 17, 19, 30, 34, 2, 7, 18, 31, 33, 16, 20, 29, 35, 14, 22, 42, 39, 25, 24, 12, 37, 27, 9, 40, 41, 8, 28, 36, 13, 23, 26]
44 (1.710393 seconds): [1, 3, 6, 10, 15, 21, 4, 32, 17, 19, 30, 34, 2, 7, 18, 31, 33, 16, 9, 27, 22, 42, 39, 25, 11, 14, 35, 29, 20, 5, 44, 37, 12, 24, 40, 41, 8, 28, 36, 13, 23, 26, 38, 43]
45 (7.294521 seconds): [1, 3, 6, 10, 15, 21, 28, 8, 17, 32, 4, 5, 11, 14, 35, 29, 20, 44, 37, 12, 13, 36, 45, 19, 30, 34, 2, 7, 18, 31, 33, 16, 9, 27, 22, 42, 39, 25, 24, 40, 41, 23, 26, 38, 43]
46 (14.192035 seconds): [1, 3, 6, 10, 15, 21, 28, 8, 17, 32, 4, 5, 11, 14, 2, 34, 30, 19, 45, 36, 13, 12, 24, 25, 39, 42, 22, 27, 37, 44, 20, 16, 33, 31, 18, 46, 35, 29, 7, 9, 40, 41, 23, 26, 38, 43]
47 (19.685341 seconds): [1, 3, 6, 10, 15, 21, 4, 32, 17, 47, 2, 34, 30, 19, 45, 36, 28, 8, 41, 40, 9, 7, 29, 20, 16, 33, 31, 18, 46, 35, 14, 11, 5, 44, 37, 27, 22, 42, 39, 25, 24, 12, 13, 23, 26, 38, 43]
48 (31.699245 seconds): [1, 3, 6, 10, 15, 21, 4, 32, 17, 47, 2, 34, 30, 19, 45, 36, 28, 8, 41, 40, 9, 7, 29, 20, 16, 48, 33, 31, 18, 46, 35, 14, 11, 5, 44, 37, 27, 22, 42, 39, 25, 24, 12, 13, 23, 26, 38, 43]
1 (0.0 seconds): [1]
2 (0.0 seconds): None
3 (0.0 seconds): None
4 (0.0 seconds): None
5 (0.0 seconds): None
6 (0.0 seconds): None
7 (0.0 seconds): None
8 (0.0 seconds): None
9 (0.0 seconds): None
10 (0.0 seconds): None
11 (0.0 seconds): None
12 (0.0 seconds): None
13 (0.0 seconds): None
14 (0.0 seconds): None
15 (0.0 seconds): [8, 1, 15, 10, 6, 3, 13, 12, 4, 5, 11, 14, 2, 7, 9]
1 (0.0 seconds): [1]
2 (0.0 seconds): None
3 (0.0 seconds): None
4 (0.0 seconds): None
5 (0.0 seconds): None
6 (0.0 seconds): None
7 (0.0 seconds): None
8 (0.0 seconds): None
9 (0.0 seconds): None
10 (0.0 seconds): None
11 (0.0 seconds): None
12 (0.0 seconds): None
13 (0.0 seconds): None
14 (0.0 seconds): None
15 (0.0 seconds): [8, 1, 15, 10, 6, 3, 13, 12, 4, 5, 11, 14, 2, 7, 9]
